# JRE version: Java(TM) SE Runtime Environment (17.0.12+8) (build 17.0.12+8-LTS-286)
# Java VM: Java HotSpot(TM) 64-Bit Server VM (17.0.12+8-LTS-286, mixed mode, sharing, tiered, compressed oops, compressed class ptrs, g1 gc, windows-amd64)
GC Precious Log:
 CPUs: 4 total, 4 available
 Memory: 8072M
 Large Page Support: Disabled
 NUMA Support: Disabled
 Compressed Oops: Enabled (32-bit)
 Heap Region Size: 1M
 Heap Min Capacity: 8M
 Heap Initial Capacity: 128M
 Heap Max Capacity: 2020M
 Pre-touch: Disabled
 Parallel Workers: 4
 Concurrent Workers: 1
 Concurrent Refinement Workers: 4
 Periodic GC: Disabled
Heap:
 garbage-first heap   total 58368K, used 37646K [0x0000000081c00000, 0x0000000100000000)
  region size 1024K, 14 young (14336K), 2 survivors (2048K)
 Metaspace       used 65036K, committed 65536K, reserved 1114112K
  class space    used 8821K, committed 9024K, reserved 1048576K
GC Heap History (20 events):
Event: 3.748 GC heap before
{Heap before GC invocations=6 (full 0):
 garbage-first heap   total 48128K, used 15289K [0x0000000081c00000, 0x0000000100000000)
  region size 1024K, 4 young (4096K), 3 survivors (3072K)
 Metaspace       used 25512K, committed 25920K, reserved 1114112K
  class space    used 3275K, committed 3456K, reserved 1048576K
}
Event: 3.756 GC heap after
{Heap after GC invocations=7 (full 0):
 garbage-first heap   total 48128K, used 15381K [0x0000000081c00000, 0x0000000100000000)
  region size 1024K, 1 young (1024K), 1 survivors (1024K)
 Metaspace       used 25512K, committed 25920K, reserved 1114112K
  class space    used 3275K, committed 3456K, reserved 1048576K
}
Event: 4.345 GC heap before
{Heap before GC invocations=7 (full 0):
 garbage-first heap   total 48128K, used 33813K [0x0000000081c00000, 0x0000000100000000)
  region size 1024K, 19 young (19456K), 1 survivors (1024K)
 Metaspace       used 29079K, committed 29568K, reserved 1114112K
  class space    used 3712K, committed 3968K, reserved 1048576K
}
Event: 4.350 GC heap after
{Heap after GC invocations=8 (full 0):
 garbage-first heap   total 48128K, used 16176K [0x0000000081c00000, 0x0000000100000000)
  region size 1024K, 2 young (2048K), 2 survivors (2048K)
 Metaspace       used 29079K, committed 29568K, reserved 1114112K
  class space    used 3712K, committed 3968K, reserved 1048576K
}
Event: 4.927 GC heap before
{Heap before GC invocations=8 (full 0):
 garbage-first heap   total 48128K, used 34608K [0x0000000081c00000, 0x0000000100000000)
  region size 1024K, 20 young (20480K), 2 survivors (2048K)
 Metaspace       used 33451K, committed 33920K, reserved 1114112K
  class space    used 4384K, committed 4608K, reserved 1048576K
}
Event: 4.930 GC heap after
{Heap after GC invocations=9 (full 0):
 garbage-first heap   total 48128K, used 16996K [0x0000000081c00000, 0x0000000100000000)
  region size 1024K, 3 young (3072K), 3 survivors (3072K)
 Metaspace       used 33451K, committed 33920K, reserved 1114112K
  class space    used 4384K, committed 4608K, reserved 1048576K
}
Event: 5.240 GC heap before
{Heap before GC invocations=9 (full 0):
 garbage-first heap   total 48128K, used 26212K [0x0000000081c00000, 0x0000000100000000)
  region size 1024K, 13 young (13312K), 3 survivors (3072K)
 Metaspace       used 35731K, committed 36160K, reserved 1114112K
  class space    used 4759K, committed 4992K, reserved 1048576K
}
Event: 5.245 GC heap after
{Heap after GC invocations=10 (full 0):
 garbage-first heap   total 48128K, used 17411K [0x0000000081c00000, 0x0000000100000000)
  region size 1024K, 2 young (2048K), 2 survivors (2048K)
 Metaspace       used 35731K, committed 36160K, reserved 1114112K
  class space    used 4759K, committed 4992K, reserved 1048576K
}
Event: 5.946 GC heap before
{Heap before GC invocations=11 (full 0):
 garbage-first heap   total 48128K, used 36867K [0x0000000081c00000, 0x0000000100000000)
  region size 1024K, 21 young (21504K), 2 survivors (2048K)
 Metaspace       used 40990K, committed 41408K, reserved 1114112K
  class space    used 5456K, committed 5632K, reserved 1048576K
}
Event: 5.950 GC heap after
{Heap after GC invocations=12 (full 0):
 garbage-first heap   total 48128K, used 18571K [0x0000000081c00000, 0x0000000100000000)
  region size 1024K, 3 young (3072K), 3 survivors (3072K)
 Metaspace       used 40990K, committed 41408K, reserved 1114112K
  class space    used 5456K, committed 5632K, reserved 1048576K
}
Event: 6.428 GC heap before
{Heap before GC invocations=12 (full 0):
 garbage-first heap   total 48128K, used 35979K [0x0000000081c00000, 0x0000000100000000)
  region size 1024K, 21 young (21504K), 3 survivors (3072K)
 Metaspace       used 45698K, committed 46144K, reserved 1114112K
  class space    used 6177K, committed 6400K, reserved 1048576K
}
Event: 6.431 GC heap after
{Heap after GC invocations=13 (full 0):
 garbage-first heap   total 48128K, used 19538K [0x0000000081c00000, 0x0000000100000000)
  region size 1024K, 3 young (3072K), 3 survivors (3072K)
 Metaspace       used 45698K, committed 46144K, reserved 1114112K
  class space    used 6177K, committed 6400K, reserved 1048576K
}
Event: 6.948 GC heap before
{Heap before GC invocations=13 (full 0):
 garbage-first heap   total 48128K, used 35922K [0x0000000081c00000, 0x0000000100000000)
  region size 1024K, 20 young (20480K), 3 survivors (3072K)
 Metaspace       used 49987K, committed 50432K, reserved 1114112K
  class space    used 6866K, committed 7104K, reserved 1048576K
}
Event: 6.953 GC heap after
{Heap after GC invocations=14 (full 0):
 garbage-first heap   total 58368K, used 20385K [0x0000000081c00000, 0x0000000100000000)
  region size 1024K, 2 young (2048K), 2 survivors (2048K)
 Metaspace       used 49987K, committed 50432K, reserved 1114112K
  class space    used 6866K, committed 7104K, reserved 1048576K
}
Event: 7.594 GC heap before
{Heap before GC invocations=14 (full 0):
 garbage-first heap   total 58368K, used 44961K [0x0000000081c00000, 0x0000000100000000)
  region size 1024K, 27 young (27648K), 2 survivors (2048K)
 Metaspace       used 55069K, committed 55616K, reserved 1114112K
  class space    used 7552K, committed 7808K, reserved 1048576K
}
Event: 7.601 GC heap after
{Heap after GC invocations=15 (full 0):
 garbage-first heap   total 58368K, used 22446K [0x0000000081c00000, 0x0000000100000000)
  region size 1024K, 4 young (4096K), 4 survivors (4096K)
 Metaspace       used 55069K, committed 55616K, reserved 1114112K
  class space    used 7552K, committed 7808K, reserved 1048576K
}
Event: 8.191 GC heap before
{Heap before GC invocations=15 (full 0):
 garbage-first heap   total 58368K, used 45998K [0x0000000081c00000, 0x0000000100000000)
  region size 1024K, 27 young (27648K), 4 survivors (4096K)
 Metaspace       used 57863K, committed 58304K, reserved 1114112K
  class space    used 7923K, committed 8128K, reserved 1048576K
}
Event: 8.198 GC heap after
{Heap after GC invocations=16 (full 0):
 garbage-first heap   total 58368K, used 24532K [0x0000000081c00000, 0x0000000100000000)
  region size 1024K, 4 young (4096K), 4 survivors (4096K)
 Metaspace       used 57863K, committed 58304K, reserved 1114112K
  class space    used 7923K, committed 8128K, reserved 1048576K
}
Event: 12.188 GC heap before
{Heap before GC invocations=16 (full 0):
 garbage-first heap   total 58368K, used 29652K [0x0000000081c00000, 0x0000000100000000)
  region size 1024K, 10 young (10240K), 4 survivors (4096K)
 Metaspace       used 60292K, committed 60736K, reserved 1114112K
  class space    used 8176K, committed 8384K, reserved 1048576K
}
Event: 12.195 GC heap after
{Heap after GC invocations=17 (full 0):
 garbage-first heap   total 58368K, used 26382K [0x0000000081c00000, 0x0000000100000000)
  region size 1024K, 2 young (2048K), 2 survivors (2048K)
 Metaspace       used 60292K, committed 60736K, reserved 1114112K
  class space    used 8176K, committed 8384K, reserved 1048576K
}

